<?xml version="1.0" encoding="UTF-8"?>
<!-- Generated by org.testng.reporters.JUnitReportReporter -->
<testsuite hostname="LenovoSmart" failures="0" tests="1" name="testngremote.FirstprogramDay51" time="0.008" errors="0" timestamp="2023-11-08T10:35:19 IST" skipped="0">
  <testcase classname="testngremote.FirstprogramDay51" name="TestCase1" time="0.008"/>
  <system-out/>
</testsuite> <!-- testngremote.FirstprogramDay51 -->
